AndroidApp/TestUnityApplication/unityLibrary/build/intermediates/manifest_merge_blame_file/debug/manifest-merger-blame-debug-report.txt
1<?xml version="1.0" encoding="utf-8"?>
2<manifest xmlns:android="http://schemas.android.com/apk/res/android"
3    xmlns:tools="http://schemas.android.com/tools"
4    package="com.unity3d.player"
5    android:installLocation="preferExternal" >
6
7    <uses-sdk
7-->src\main\AndroidManifest.xml:7:5-63
8        android:minSdkVersion="30"
8-->src\main\AndroidManifest.xml:7:5-63
9        android:targetSdkVersion="33"
9-->src\main\AndroidManifest.xml:7:5-63
10        tools:overrideLibrary="com.nreal.glasses_sdk" />
10-->src\main\AndroidManifest.xml:7:15-60
11
12    <supports-screens
12-->src\main\AndroidManifest.xml:9:5-14:40
13        android:anyDensity="true"
13-->src\main\AndroidManifest.xml:10:9-34
14        android:largeScreens="true"
14-->src\main\AndroidManifest.xml:11:9-36
15        android:normalScreens="true"
15-->src\main\AndroidManifest.xml:12:9-37
16        android:smallScreens="true"
16-->src\main\AndroidManifest.xml:13:9-36
17        android:xlargeScreens="true" />
17-->src\main\AndroidManifest.xml:14:9-37
18
19    <uses-permission android:name="android.permission.BLUETOOTH" />
19-->src\main\AndroidManifest.xml:59:5-68
19-->src\main\AndroidManifest.xml:59:22-65
20
21    <uses-feature android:glEsVersion="0x00030000" />
21-->src\main\AndroidManifest.xml:61:5-54
21-->src\main\AndroidManifest.xml:61:19-51
22    <uses-feature
22-->src\main\AndroidManifest.xml:62:5-64:36
23        android:name="android.hardware.type.pc"
23-->src\main\AndroidManifest.xml:63:9-48
24        android:required="false" />
24-->src\main\AndroidManifest.xml:64:9-33
25
26    <uses-permission android:name="android.permission.INTERNET" />
26-->src\main\AndroidManifest.xml:66:5-67
26-->src\main\AndroidManifest.xml:66:22-64
27    <uses-permission android:name="android.permission.VIBRATE" />
27-->src\main\AndroidManifest.xml:67:5-66
27-->src\main\AndroidManifest.xml:67:22-63
28    <uses-permission android:name="android.permission.ACCESS_NETWORK_STATE" />
28-->src\main\AndroidManifest.xml:68:5-79
28-->src\main\AndroidManifest.xml:68:22-76
29
30    <uses-feature
30-->src\main\AndroidManifest.xml:70:5-72:36
31        android:name="android.hardware.touchscreen"
31-->src\main\AndroidManifest.xml:71:9-52
32        android:required="false" />
32-->src\main\AndroidManifest.xml:72:9-33
33    <uses-feature
33-->src\main\AndroidManifest.xml:73:5-75:36
34        android:name="android.hardware.touchscreen.multitouch"
34-->src\main\AndroidManifest.xml:74:9-63
35        android:required="false" />
35-->src\main\AndroidManifest.xml:75:9-33
36    <uses-feature
36-->src\main\AndroidManifest.xml:76:5-78:36
37        android:name="android.hardware.touchscreen.multitouch.distinct"
37-->src\main\AndroidManifest.xml:77:9-72
38        android:required="false" />
38-->src\main\AndroidManifest.xml:78:9-33
39
40    <application android:extractNativeLibs="true" >
40-->src\main\AndroidManifest.xml:16:5-57:19
40-->src\main\AndroidManifest.xml:17:9-41
41        <activity
41-->src\main\AndroidManifest.xml:18:9-34:20
42            android:name="com.unity3d.player.UnityPlayerActivity"
42-->src\main\AndroidManifest.xml:19:13-66
43            android:configChanges="mcc|mnc|locale|touchscreen|keyboard|keyboardHidden|navigation|orientation|screenLayout|uiMode|screenSize|smallestScreenSize|fontScale|layoutDirection|density"
43-->src\main\AndroidManifest.xml:20:13-194
44            android:exported="true"
44-->src\main\AndroidManifest.xml:24:13-36
45            android:hardwareAccelerated="false"
45-->src\main\AndroidManifest.xml:21:13-48
46            android:launchMode="singleTask"
46-->src\main\AndroidManifest.xml:22:13-44
47            android:resizeableActivity="false"
47-->src\main\AndroidManifest.xml:23:13-47
48            android:screenOrientation="portrait" >
48-->src\main\AndroidManifest.xml:25:13-49
49            <intent-filter>
49-->src\main\AndroidManifest.xml:26:13-30:29
50                <action android:name="android.intent.action.MAIN" />
50-->src\main\AndroidManifest.xml:27:17-69
50-->src\main\AndroidManifest.xml:27:25-66
51
52                <category android:name="android.intent.category.LAUNCHER" />
52-->src\main\AndroidManifest.xml:29:17-77
52-->src\main\AndroidManifest.xml:29:27-74
53            </intent-filter>
54
55            <meta-data
55-->src\main\AndroidManifest.xml:31:13-33:40
56                android:name="android.notch_support"
56-->src\main\AndroidManifest.xml:32:17-53
57                android:value="true" />
57-->src\main\AndroidManifest.xml:33:17-37
58        </activity>
59
60        <meta-data
60-->src\main\AndroidManifest.xml:36:9-38:36
61            android:name="nreal_sdk"
61-->src\main\AndroidManifest.xml:37:13-37
62            android:value="true" />
62-->src\main\AndroidManifest.xml:38:13-33
63        <meta-data
63-->src\main\AndroidManifest.xml:39:9-41:51
64            android:name="com.nreal.supportDevices"
64-->src\main\AndroidManifest.xml:40:13-52
65            android:value="NrealLight|NrealAir" />
65-->src\main\AndroidManifest.xml:41:13-48
66        <meta-data
66-->src\main\AndroidManifest.xml:42:9-44:33
67            android:name="unity.splash-mode"
67-->src\main\AndroidManifest.xml:43:13-45
68            android:value="0" />
68-->src\main\AndroidManifest.xml:44:13-30
69        <meta-data
69-->src\main\AndroidManifest.xml:45:9-47:36
70            android:name="unity.splash-enable"
70-->src\main\AndroidManifest.xml:46:13-47
71            android:value="True" />
71-->src\main\AndroidManifest.xml:47:13-33
72        <meta-data
72-->src\main\AndroidManifest.xml:48:9-50:36
73            android:name="unity.launch-fullscreen"
73-->src\main\AndroidManifest.xml:49:13-51
74            android:value="True" />
74-->src\main\AndroidManifest.xml:50:13-33
75        <meta-data
75-->src\main\AndroidManifest.xml:51:9-53:37
76            android:name="unity.allow-resizable-window"
76-->src\main\AndroidManifest.xml:52:13-56
77            android:value="False" />
77-->src\main\AndroidManifest.xml:53:13-34
78        <meta-data
78-->src\main\AndroidManifest.xml:54:9-56:50
79            android:name="notch.config"
79-->src\main\AndroidManifest.xml:55:13-40
80            android:value="portrait|landscape" />
80-->src\main\AndroidManifest.xml:56:13-47
81    </application>
82
83</manifest>